npm verbose cli C:\Program Files\nodejs\node.exe C:\Users\josnn\AppData\Roaming\npm\node_modules\npm\bin\npm-cli.js
npm info using npm@10.8.3
npm info using node@v20.17.0
npm verbose title npm install
npm verbose argv "install" "--legacy-peer-deps" "--loglevel" "verbose"
npm verbose logfile logs-max:10 dir:C:\Users\josnn\AppData\Local\npm-cache\_logs\2024-10-15T08_14_17_340Z-
npm verbose logfile C:\Users\josnn\AppData\Local\npm-cache\_logs\2024-10-15T08_14_17_340Z-debug-0.log
npm http fetch GET 200 https://registry.npmjs.org/browserstack-cypress-cli 166ms (cache revalidated)
npm http fetch GET 200 https://registry.npmjs.org/cypress 39ms (cache revalidated)
npm http fetch GET 200 https://registry.npmjs.org/archiver 77ms (cache revalidated)
npm http fetch GET 200 https://registry.npmjs.org/cli-progress 109ms (cache revalidated)
npm http fetch GET 200 https://registry.npmjs.org/gitconfiglocal 115ms (cache revalidated)
npm http fetch GET 200 https://registry.npmjs.org/chalk 119ms (cache revalidated)
npm http fetch GET 200 https://registry.npmjs.org/fs-extra 120ms (cache revalidated)
npm http fetch GET 200 https://registry.npmjs.org/mocha 49ms (cache revalidated)
npm http fetch GET 200 https://registry.npmjs.org/glob 163ms (cache revalidated)
npm http fetch GET 200 https://registry.npmjs.org/git-repo-info 169ms (cache revalidated)
npm http fetch GET 200 https://registry.npmjs.org/async 174ms (cache revalidated)
npm http fetch GET 200 https://registry.npmjs.org/git-last-commit 175ms (cache revalidated)
npm http fetch GET 200 https://registry.npmjs.org/browserstack-local 179ms (cache revalidated)
npm http fetch GET 200 https://registry.npmjs.org/mkdirp 108ms (cache revalidated)
npm http fetch GET 200 https://registry.npmjs.org/uuid 58ms (cache revalidated)
npm http fetch GET 200 https://registry.npmjs.org/update-notifier 66ms (cache revalidated)
npm http fetch GET 200 https://registry.npmjs.org/request 120ms (cache revalidated)
npm http fetch GET 200 https://registry.npmjs.org/node-ipc 130ms (cache revalidated)
npm http fetch GET 200 https://registry.npmjs.org/windows-release 80ms (cache revalidated)
npm http fetch GET 200 https://registry.npmjs.org/winston 81ms (cache revalidated)
npm http fetch GET 200 https://registry.npmjs.org/requestretry 140ms (cache revalidated)
npm http fetch GET 200 https://registry.npmjs.org/yargs 92ms (cache revalidated)
npm http fetch GET 200 https://registry.npmjs.org/decompress 63ms (cache revalidated)
npm http fetch GET 200 https://registry.npmjs.org/table 130ms (cache revalidated)
npm http fetch GET 200 https://registry.npmjs.org/dayjs 52ms (cache revalidated)
npm http fetch GET 200 https://registry.npmjs.org/unzipper 74ms (cache revalidated)
npm http fetch GET 200 https://registry.npmjs.org/tmp 77ms (cache revalidated)
npm http fetch GET 200 https://registry.npmjs.org/arch 75ms (cache revalidated)
npm http fetch GET 200 https://registry.npmjs.org/debug 66ms (cache revalidated)
npm http fetch GET 200 https://registry.npmjs.org/getos 67ms (cache revalidated)
npm http fetch GET 200 https://registry.npmjs.org/execa 75ms (cache revalidated)
npm http fetch GET 200 https://registry.npmjs.org/yauzl 54ms (cache revalidated)
npm http fetch GET 200 https://registry.npmjs.org/buffer 52ms (cache revalidated)
npm http fetch GET 200 https://registry.npmjs.org/is-ci 68ms (cache revalidated)
npm http fetch GET 200 https://registry.npmjs.org/lodash 48ms (cache revalidated)
npm http fetch GET 200 https://registry.npmjs.org/semver 46ms (cache revalidated)
npm http fetch GET 200 https://registry.npmjs.org/listr2 62ms (cache revalidated)
npm http fetch GET 200 https://registry.npmjs.org/ospath 67ms (cache revalidated)
npm http fetch GET 200 https://registry.npmjs.org/process 54ms (cache revalidated)
npm http fetch GET 200 https://registry.npmjs.org/figures 62ms (cache revalidated)
npm http fetch GET 200 https://registry.npmjs.org/bluebird 57ms (cache revalidated)
npm http fetch GET 200 https://registry.npmjs.org/enquirer 60ms (cache revalidated)
npm http fetch GET 200 https://registry.npmjs.org/cachedir 68ms (cache revalidated)
npm http fetch GET 200 https://registry.npmjs.org/lazy-ass 61ms (cache revalidated)
npm http fetch GET 200 https://registry.npmjs.org/minimist 57ms (cache revalidated)
npm http fetch GET 200 https://registry.npmjs.org/blob-util 59ms (cache revalidated)
npm http fetch GET 200 https://registry.npmjs.org/commander 56ms (cache revalidated)
npm http fetch GET 200 https://registry.npmjs.org/untildify 57ms (cache revalidated)
npm http fetch GET 200 https://registry.npmjs.org/common-tags 45ms (cache revalidated)
npm http fetch GET 200 https://registry.npmjs.org/cli-cursor 67ms (cache revalidated)
npm http fetch GET 200 https://registry.npmjs.org/log-symbols 54ms (cache revalidated)
npm http fetch GET 200 https://registry.npmjs.org/cli-table3 77ms (cache revalidated)
npm http fetch GET 200 https://registry.npmjs.org/extract-zip 60ms (cache revalidated)
npm http fetch GET 200 https://registry.npmjs.org/pretty-bytes 55ms (cache revalidated)
npm http fetch GET 200 https://registry.npmjs.org/@cypress%2fxvfb 53ms (cache revalidated)
npm http fetch GET 200 https://registry.npmjs.org/executable 86ms (cache revalidated)
npm http fetch GET 200 https://registry.npmjs.org/eventemitter2 42ms (cache revalidated)
npm http fetch GET 200 https://registry.npmjs.org/@types%2fsizzle 54ms (cache revalidated)
npm http fetch GET 200 https://registry.npmjs.org/proxy-from-env 42ms (cache revalidated)
npm http fetch GET 200 https://registry.npmjs.org/supports-color 44ms (cache revalidated)
npm http fetch GET 200 https://registry.npmjs.org/check-more-types 46ms (cache revalidated)
npm http fetch GET 200 https://registry.npmjs.org/request-progress 46ms (cache revalidated)
npm http fetch GET 200 https://registry.npmjs.org/is-installed-globally 41ms (cache revalidated)
npm http fetch GET 200 https://registry.npmjs.org/@cypress%2frequest 71ms (cache revalidated)
npm http fetch GET 200 https://registry.npmjs.org/@types%2fsinonjs__fake-timers 111ms (cache revalidated)
npm http fetch GET 200 https://registry.npmjs.org/getmac 637ms (cache revalidated)
npm http fetch GET 200 https://registry.npmjs.org/readable-stream 53ms (cache revalidated)
npm http fetch GET 200 https://registry.npmjs.org/buffer-crc32 59ms (cache revalidated)
npm http fetch GET 200 https://registry.npmjs.org/archiver-utils 64ms (cache revalidated)
npm http fetch GET 200 https://registry.npmjs.org/tar-stream 64ms (cache revalidated)
npm http fetch GET 200 https://registry.npmjs.org/ps-tree 66ms (cache revalidated)
npm http fetch GET 200 https://registry.npmjs.org/zip-stream 72ms (cache revalidated)
npm http fetch GET 200 https://registry.npmjs.org/agent-base 71ms (cache revalidated)
npm http fetch GET 200 https://registry.npmjs.org/https-proxy-agent 78ms (cache revalidated)
npm http fetch GET 200 https://registry.npmjs.org/is-running 79ms (cache revalidated)
npm http fetch GET 200 https://registry.npmjs.org/temp-fs 84ms (cache revalidated)
npm http fetch GET 200 https://registry.npmjs.org/readdir-glob 93ms (cache revalidated)
npm http fetch GET 200 https://registry.npmjs.org/ansi-styles 50ms (cache revalidated)
npm http fetch GET 200 https://registry.npmjs.org/graceful-fs 51ms (cache revalidated)
npm http fetch GET 200 https://registry.npmjs.org/decompress-unzip 56ms (cache revalidated)
npm http fetch GET 200 https://registry.npmjs.org/string-width 73ms (cache revalidated)
npm http fetch GET 200 https://registry.npmjs.org/strip-dirs 52ms (cache revalidated)
npm http fetch GET 200 https://registry.npmjs.org/decompress-tarbz2 75ms (cache revalidated)
npm http fetch GET 200 https://registry.npmjs.org/make-dir 64ms (cache revalidated)
npm http fetch GET 200 https://registry.npmjs.org/jsonfile 52ms (cache revalidated)
npm http fetch GET 200 https://registry.npmjs.org/decompress-tar 87ms (cache revalidated)
npm http fetch GET 200 https://registry.npmjs.org/decompress-targz 82ms (cache revalidated)
npm http fetch GET 200 https://registry.npmjs.org/graceful-fs 46ms (cache revalidated)
npm http fetch GET 200 https://registry.npmjs.org/pify 80ms (cache revalidated)
npm http fetch GET 200 https://registry.npmjs.org/universalify 60ms (cache revalidated)
npm http fetch GET 200 https://registry.npmjs.org/once 50ms (cache revalidated)
npm http fetch GET 200 https://registry.npmjs.org/inflight 57ms (cache revalidated)
npm http fetch GET 200 https://registry.npmjs.org/minimatch 54ms (cache revalidated)
npm http fetch GET 200 https://registry.npmjs.org/inherits 60ms (cache revalidated)
npm http fetch GET 200 https://registry.npmjs.org/ansi-colors 57ms (cache revalidated)
npm http fetch GET 200 https://registry.npmjs.org/ini 83ms (cache revalidated)
npm http fetch GET 200 https://registry.npmjs.org/browser-stdout 58ms (cache revalidated)
npm http fetch GET 200 https://registry.npmjs.org/fs.realpath 74ms (cache revalidated)
npm http fetch GET 200 https://registry.npmjs.org/@types%2fnode 106ms (cache revalidated)
npm http fetch GET 200 https://registry.npmjs.org/path-is-absolute 178ms (cache revalidated)
npm http fetch GET 200 https://registry.npmjs.org/diff 138ms (cache revalidated)
npm http fetch GET 200 https://registry.npmjs.org/chokidar 144ms (cache revalidated)
npm http fetch GET 200 https://registry.npmjs.org/yargs 17ms (cache hit)
npm http fetch GET 200 https://registry.npmjs.org/escape-string-regexp 171ms (cache revalidated)
npm http fetch GET 200 https://registry.npmjs.org/ms 156ms (cache revalidated)
npm http fetch GET 200 https://registry.npmjs.org/js-yaml 163ms (cache revalidated)
npm http fetch GET 200 https://registry.npmjs.org/he 173ms (cache revalidated)
npm http fetch GET 200 https://registry.npmjs.org/find-up 185ms (cache revalidated)
npm http fetch GET 200 https://registry.npmjs.org/yargs-unparser 67ms (cache revalidated)
npm http fetch GET 200 https://registry.npmjs.org/workerpool 86ms (cache revalidated)
npm http fetch GET 200 https://registry.npmjs.org/serialize-javascript 188ms (cache revalidated)
npm http fetch GET 200 https://registry.npmjs.org/strip-json-comments 191ms (cache revalidated)
npm http fetch GET 200 https://registry.npmjs.org/yargs-parser 85ms (cache revalidated)
npm http fetch GET 200 https://registry.npmjs.org/qs 48ms (cache revalidated)
npm http fetch GET 200 https://registry.npmjs.org/event-pubsub 57ms (cache revalidated)
npm http fetch GET 200 https://registry.npmjs.org/js-message 61ms (cache revalidated)
npm http fetch GET 200 https://registry.npmjs.org/aws4 54ms (cache revalidated)
npm http fetch GET 200 https://registry.npmjs.org/extend 51ms (cache revalidated)
npm http fetch GET 200 https://registry.npmjs.org/isstream 62ms (cache revalidated)
npm http fetch GET 200 https://registry.npmjs.org/aws-sign2 58ms (cache revalidated)
npm http fetch GET 200 https://registry.npmjs.org/caseless 68ms (cache revalidated)
npm http fetch GET 200 https://registry.npmjs.org/form-data 60ms (cache revalidated)
npm http fetch GET 200 https://registry.npmjs.org/safe-buffer 52ms (cache revalidated)
npm http fetch GET 200 https://registry.npmjs.org/mime-types 69ms (cache revalidated)
npm http fetch GET 200 https://registry.npmjs.org/forever-agent 53ms (cache revalidated)
npm http fetch GET 200 https://registry.npmjs.org/oauth-sign 71ms (cache revalidated)
npm http fetch GET 200 https://registry.npmjs.org/tunnel-agent 69ms (cache revalidated)
npm http fetch GET 200 https://registry.npmjs.org/tough-cookie 77ms (cache revalidated)
npm http fetch GET 200 https://registry.npmjs.org/har-validator 46ms (cache revalidated)
npm http fetch GET 200 https://registry.npmjs.org/is-typedarray 49ms (cache revalidated)
npm http fetch GET 200 https://registry.npmjs.org/http-signature 48ms (cache revalidated)
npm http fetch GET 200 https://registry.npmjs.org/performance-now 44ms (cache revalidated)
npm http fetch GET 200 https://registry.npmjs.org/json-stringify-safe 44ms (cache revalidated)
npm http fetch GET 200 https://registry.npmjs.org/combined-stream 61ms (cache revalidated)
npm http fetch GET 200 https://registry.npmjs.org/slice-ansi 43ms (cache revalidated)
npm http fetch GET 200 https://registry.npmjs.org/ajv 49ms (cache revalidated)
npm http fetch GET 200 https://registry.npmjs.org/node-int64 48ms (cache revalidated)
npm http fetch GET 200 https://registry.npmjs.org/duplexer2 56ms (cache revalidated)
npm http fetch GET 200 https://registry.npmjs.org/pupa 46ms (cache revalidated)
npm http fetch GET 200 https://registry.npmjs.org/is-npm 71ms (cache revalidated)
npm http fetch GET 200 https://registry.npmjs.org/boxen 74ms (cache revalidated)
npm http fetch GET 200 https://registry.npmjs.org/import-lazy 57ms (cache revalidated)
npm http fetch GET 200 https://registry.npmjs.org/is-in-ci 72ms (cache revalidated)
npm http fetch GET 200 https://registry.npmjs.org/configstore 77ms (cache revalidated)
npm http fetch GET 200 https://registry.npmjs.org/latest-version 61ms (cache revalidated)
npm http fetch GET 200 https://registry.npmjs.org/semver-diff 83ms (cache revalidated)
npm http fetch GET 200 https://registry.npmjs.org/colors 43ms (cache revalidated)
npm http fetch GET 200 https://registry.npmjs.org/y18n 44ms (cache revalidated)
npm http fetch GET 200 https://registry.npmjs.org/cycle 80ms (cache revalidated)
npm http fetch GET 200 https://registry.npmjs.org/cliui 44ms (cache revalidated)
npm http fetch GET 200 https://registry.npmjs.org/eyes 88ms (cache revalidated)
npm http fetch GET 200 https://registry.npmjs.org/decamelize 37ms (cache revalidated)
npm http fetch GET 200 https://registry.npmjs.org/xdg-basedir 97ms (cache revalidated)
npm http fetch GET 200 https://registry.npmjs.org/set-blocking 62ms (cache revalidated)
npm http fetch GET 200 https://registry.npmjs.org/which-module 57ms (cache revalidated)
npm http fetch GET 200 https://registry.npmjs.org/require-main-filename 41ms (cache revalidated)
npm http fetch GET 200 https://registry.npmjs.org/stack-trace 93ms (cache revalidated)
npm http fetch GET 200 https://registry.npmjs.org/get-caller-file 54ms (cache revalidated)
npm http fetch GET 200 https://registry.npmjs.org/require-directory 59ms (cache revalidated)
npm http fetch GET 200 https://registry.npmjs.org/js-queue 598ms (cache revalidated)
npm http fetch GET 200 https://registry.npmjs.org/normalize-path 76ms (cache revalidated)
npm http fetch GET 200 https://registry.npmjs.org/lodash.difference 79ms (cache revalidated)
npm http fetch GET 200 https://registry.npmjs.org/end-of-stream 75ms (cache revalidated)
npm http fetch GET 200 https://registry.npmjs.org/lodash.union 80ms (cache revalidated)
npm http fetch GET 200 https://registry.npmjs.org/lodash.isplainobject 81ms (cache revalidated)
npm http fetch GET 200 https://registry.npmjs.org/util-deprecate 79ms (cache revalidated)
npm http fetch GET 200 https://registry.npmjs.org/bl 78ms (cache revalidated)
npm http fetch GET 200 https://registry.npmjs.org/string_decoder 83ms (cache revalidated)
npm http fetch GET 200 https://registry.npmjs.org/lazystream 87ms (cache revalidated)
npm http fetch GET 200 https://registry.npmjs.org/lodash.flatten 88ms (cache revalidated)
npm http fetch GET 200 https://registry.npmjs.org/lodash.defaults 95ms (cache revalidated)
npm http fetch GET 200 https://registry.npmjs.org/fs-constants 45ms (cache revalidated)
npm http fetch GET 200 https://registry.npmjs.org/compress-commons 55ms (cache revalidated)
npm http fetch GET 200 https://registry.npmjs.org/process-nextick-args 44ms (cache revalidated)
npm http fetch GET 200 https://registry.npmjs.org/isarray 48ms (cache revalidated)
npm http fetch GET 200 https://registry.npmjs.org/core-util-is 62ms (cache revalidated)
npm http fetch GET 200 https://registry.npmjs.org/rimraf 41ms (cache revalidated)
npm http fetch GET 200 https://registry.npmjs.org/event-stream 43ms (cache revalidated)
npm http fetch GET 200 https://registry.npmjs.org/has-flag 72ms (cache revalidated)
npm http fetch GET 200 https://registry.npmjs.org/color-convert 75ms (cache revalidated)
npm http fetch GET 200 https://registry.npmjs.org/color-name 52ms (cache revalidated)
npm http fetch GET 200 https://registry.npmjs.org/emoji-regex 40ms (cache revalidated)
npm http fetch GET 200 https://registry.npmjs.org/strip-ansi 42ms (cache revalidated)
npm http fetch GET 200 https://registry.npmjs.org/is-fullwidth-code-point 67ms (cache revalidated)
npm http fetch GET 200 https://registry.npmjs.org/is-stream 46ms (cache revalidated)
npm http fetch GET 200 https://registry.npmjs.org/lodash.once 56ms (cache revalidated)
npm http fetch GET 200 https://registry.npmjs.org/onetime 61ms (cache revalidated)
npm http fetch GET 200 https://registry.npmjs.org/signal-exit 66ms (cache revalidated)
npm http fetch GET 200 https://registry.npmjs.org/get-stream 75ms (cache revalidated)
npm http fetch GET 200 https://registry.npmjs.org/ieee754 80ms (cache revalidated)
npm http fetch GET 200 https://registry.npmjs.org/restore-cursor 83ms (cache revalidated)
npm http fetch GET 200 https://registry.npmjs.org/cross-spawn 80ms (cache revalidated)
npm http fetch GET 200 https://registry.npmjs.org/@colors%2fcolors 91ms (cache revalidated)
npm http fetch GET 200 https://registry.npmjs.org/base64-js 95ms (cache revalidated)
npm http fetch GET 200 https://registry.npmjs.org/npm-run-path 62ms (cache revalidated)
npm http fetch GET 200 https://registry.npmjs.org/human-signals 63ms (cache revalidated)
npm http fetch GET 200 https://registry.npmjs.org/strip-final-newline 57ms (cache revalidated)
npm http fetch GET 200 https://registry.npmjs.org/is-path-inside 40ms (cache revalidated)
npm http fetch GET 200 https://registry.npmjs.org/ci-info 51ms (cache revalidated)
npm http fetch GET 200 https://registry.npmjs.org/get-stream 68ms (cache revalidated)
npm http fetch GET 200 https://registry.npmjs.org/at-least-node 61ms (cache revalidated)
npm http fetch GET 200 https://registry.npmjs.org/rfdc 50ms (cache revalidated)
npm http fetch GET 200 https://registry.npmjs.org/global-dirs 63ms (cache revalidated)
npm http fetch GET 200 https://registry.npmjs.org/@types%2fyauzl 71ms (cache revalidated)
npm http fetch GET 200 https://registry.npmjs.org/p-map 39ms (cache revalidated)
npm http fetch GET 200 https://registry.npmjs.org/through 40ms (cache revalidated)
npm http fetch GET 200 https://registry.npmjs.org/rxjs 54ms (cache revalidated)
npm http fetch GET 200 https://registry.npmjs.org/wrap-ansi 47ms (cache revalidated)
npm http fetch GET 200 https://registry.npmjs.org/colorette 50ms (cache revalidated)
npm http fetch GET 200 https://registry.npmjs.org/merge-stream 182ms (cache revalidated)
npm http fetch GET 200 https://registry.npmjs.org/log-update 50ms (cache revalidated)
npm http fetch GET 200 https://registry.npmjs.org/cli-truncate 50ms (cache revalidated)
npm http fetch GET 200 https://registry.npmjs.org/is-unicode-supported 49ms (cache revalidated)
npm http fetch GET 200 https://registry.npmjs.org/throttleit 45ms (cache revalidated)
npm http fetch GET 200 https://registry.npmjs.org/fd-slicer 136ms (cache revalidated)
npm http fetch GET 200 https://registry.npmjs.org/jsprim 74ms (cache revalidated)
npm http fetch GET 200 https://registry.npmjs.org/side-channel 73ms (cache revalidated)
npm http fetch GET 200 https://registry.npmjs.org/sshpk 78ms (cache revalidated)
npm http fetch GET 200 https://registry.npmjs.org/assert-plus 81ms (cache revalidated)
npm http fetch GET 200 https://registry.npmjs.org/punycode 81ms (cache revalidated)
npm http fetch GET 200 https://registry.npmjs.org/delayed-stream 86ms (cache revalidated)
npm http fetch GET 200 https://registry.npmjs.org/url-parse 85ms (cache revalidated)
npm http fetch GET 200 https://registry.npmjs.org/asynckit 90ms (cache revalidated)
npm http fetch GET 200 https://registry.npmjs.org/psl 88ms (cache revalidated)
npm http fetch GET 200 https://registry.npmjs.org/mime-db 90ms (cache revalidated)
npm http fetch GET 200 https://registry.npmjs.org/file-type 65ms (cache revalidated)
npm http fetch GET 200 https://registry.npmjs.org/file-type 87ms (cache revalidated)
npm http fetch GET 200 https://registry.npmjs.org/file-type 92ms (cache revalidated)
npm http fetch GET 200 https://registry.npmjs.org/unbzip2-stream 95ms (cache revalidated)
npm http fetch GET 200 https://registry.npmjs.org/file-type 96ms (cache revalidated)
npm http fetch GET 200 https://registry.npmjs.org/seek-bzip 110ms (cache revalidated)
npm http fetch GET 200 https://registry.npmjs.org/is-natural-number 112ms (cache revalidated)
npm http fetch GET 200 https://registry.npmjs.org/buffer-alloc 44ms (cache revalidated)
npm http fetch GET 200 https://registry.npmjs.org/xtend 58ms (cache revalidated)
npm http fetch GET 200 https://registry.npmjs.org/to-buffer 82ms (cache revalidated)
npm http fetch GET 200 https://registry.npmjs.org/object-assign 37ms (cache revalidated)
npm http fetch GET 200 https://registry.npmjs.org/pinkie-promise 39ms (cache revalidated)
npm http fetch GET 200 https://registry.npmjs.org/ansi-regex 41ms (cache revalidated)
npm http fetch GET 200 https://registry.npmjs.org/path-key 41ms (cache revalidated)
npm http fetch GET 200 https://registry.npmjs.org/which 42ms (cache revalidated)
npm http fetch GET 200 https://registry.npmjs.org/shebang-command 45ms (cache revalidated)
npm http fetch GET 200 https://registry.npmjs.org/mimic-fn 43ms (cache revalidated)
npm http fetch GET 200 https://registry.npmjs.org/path-key 54ms (cache revalidated)
npm http fetch GET 200 https://registry.npmjs.org/pump 82ms (cache revalidated)
npm http fetch GET 200 https://registry.npmjs.org/isexe 37ms (cache revalidated)
npm http fetch GET 200 https://registry.npmjs.org/shebang-regex 38ms (cache revalidated)
npm http fetch GET 200 https://registry.npmjs.org/@types%2fnode 17ms (cache hit)
npm http fetch GET 200 https://registry.npmjs.org/undici-types 34ms (cache revalidated)
npm http fetch GET 200 https://registry.npmjs.org/pinkie 41ms (cache revalidated)
npm http fetch GET 200 https://registry.npmjs.org/wrappy 39ms (cache revalidated)
npm http fetch GET 200 https://registry.npmjs.org/wrappy 41ms (cache revalidated)
npm http fetch GET 200 https://registry.npmjs.org/brace-expansion 43ms (cache revalidated)
npm http fetch GET 200 https://registry.npmjs.org/json-schema 45ms (cache revalidated)
npm http fetch GET 200 https://registry.npmjs.org/ecc-jsbn 50ms (cache revalidated)
npm http fetch GET 200 https://registry.npmjs.org/dashdash 53ms (cache revalidated)
npm http fetch GET 200 https://registry.npmjs.org/getpass 55ms (cache revalidated)
npm http fetch GET 200 https://registry.npmjs.org/extsprintf 59ms (cache revalidated)
npm http fetch GET 200 https://registry.npmjs.org/jsbn 57ms (cache revalidated)
npm http fetch GET 200 https://registry.npmjs.org/verror 59ms (cache revalidated)
npm http fetch GET 200 https://registry.npmjs.org/safer-buffer 59ms (cache revalidated)
npm http fetch GET 200 https://registry.npmjs.org/tweetnacl 61ms (cache revalidated)
npm http fetch GET 200 https://registry.npmjs.org/bcrypt-pbkdf 61ms (cache revalidated)
npm http fetch GET 200 https://registry.npmjs.org/asn1 70ms (cache revalidated)
npm http fetch GET 200 https://registry.npmjs.org/tslib 41ms (cache revalidated)
npm http fetch GET 200 https://registry.npmjs.org/aggregate-error 43ms (cache revalidated)
npm http fetch GET 200 https://registry.npmjs.org/ansi-escapes 116ms (cache revalidated)
npm http fetch GET 200 https://registry.npmjs.org/astral-regex 51ms (cache revalidated)
npm http fetch GET 200 https://registry.npmjs.org/type-fest 44ms (cache revalidated)
npm http fetch GET 200 https://registry.npmjs.org/balanced-match 40ms (cache revalidated)
npm http fetch GET 200 https://registry.npmjs.org/concat-map 49ms (cache revalidated)
npm http fetch GET 200 https://registry.npmjs.org/anymatch 54ms (cache revalidated)
npm http fetch GET 200 https://registry.npmjs.org/fsevents 54ms (cache revalidated)
npm http fetch GET 200 https://registry.npmjs.org/is-glob 70ms (cache revalidated)
npm http fetch GET 200 https://registry.npmjs.org/braces 73ms (cache revalidated)
npm http fetch GET 200 https://registry.npmjs.org/path-exists 71ms (cache revalidated)
npm http fetch GET 200 https://registry.npmjs.org/argparse 70ms (cache revalidated)
npm http fetch GET 200 https://registry.npmjs.org/locate-path 72ms (cache revalidated)
npm http fetch GET 200 https://registry.npmjs.org/is-binary-path 74ms (cache revalidated)
npm http fetch GET 200 https://registry.npmjs.org/randombytes 70ms (cache revalidated)
npm http fetch GET 200 https://registry.npmjs.org/readdirp 93ms (cache revalidated)
npm http fetch GET 200 https://registry.npmjs.org/glob-parent 98ms (cache revalidated)
npm http fetch GET 200 https://registry.npmjs.org/flat 40ms (cache revalidated)
npm http fetch GET 200 https://registry.npmjs.org/camelcase 52ms (cache revalidated)
npm http fetch GET 200 https://registry.npmjs.org/escalade 59ms (cache revalidated)
npm http fetch GET 200 https://registry.npmjs.org/is-plain-obj 92ms (cache revalidated)
npm http fetch GET 200 https://registry.npmjs.org/picomatch 77ms (cache revalidated)
npm http fetch GET 200 https://registry.npmjs.org/is-extglob 79ms (cache revalidated)
npm http fetch GET 200 https://registry.npmjs.org/picomatch 82ms (cache revalidated)
npm http fetch GET 200 https://registry.npmjs.org/fill-range 82ms (cache revalidated)
npm http fetch GET 200 https://registry.npmjs.org/binary-extensions 82ms (cache revalidated)
npm http fetch GET 200 https://registry.npmjs.org/to-regex-range 40ms (cache revalidated)
npm http fetch GET 200 https://registry.npmjs.org/is-number 50ms (cache revalidated)
npm http fetch GET 200 https://registry.npmjs.org/p-locate 43ms (cache revalidated)
npm http fetch GET 200 https://registry.npmjs.org/p-limit 69ms (cache revalidated)
npm http fetch GET 200 https://registry.npmjs.org/easy-stack 59ms (cache revalidated)
npm http fetch GET 200 https://registry.npmjs.org/yocto-queue 52ms (cache revalidated)
npm http fetch GET 200 https://registry.npmjs.org/indent-string 101ms (cache revalidated)
npm http fetch GET 200 https://registry.npmjs.org/clean-stack 102ms (cache revalidated)
npm http fetch GET 200 https://registry.npmjs.org/duplexer 40ms (cache revalidated)
npm http fetch GET 200 https://registry.npmjs.org/map-stream 40ms (cache revalidated)
npm http fetch GET 200 https://registry.npmjs.org/pause-stream 43ms (cache revalidated)
npm http fetch GET 200 https://registry.npmjs.org/stream-combiner 44ms (cache revalidated)
npm http fetch GET 200 https://registry.npmjs.org/from 58ms (cache revalidated)
npm http fetch GET 200 https://registry.npmjs.org/split 71ms (cache revalidated)
npm http fetch GET 200 https://registry.npmjs.org/es-errors 62ms (cache revalidated)
npm http fetch GET 200 https://registry.npmjs.org/object-inspect 61ms (cache revalidated)
npm http fetch GET 200 https://registry.npmjs.org/call-bind 67ms (cache revalidated)
npm http fetch GET 200 https://registry.npmjs.org/get-intrinsic 67ms (cache revalidated)
npm http fetch GET 200 https://registry.npmjs.org/ajv 7ms (cache hit)
npm http fetch GET 200 https://registry.npmjs.org/har-schema 56ms (cache revalidated)
npm http fetch GET 200 https://registry.npmjs.org/json-schema-traverse 36ms (cache revalidated)
npm http fetch GET 200 https://registry.npmjs.org/uri-js 39ms (cache revalidated)
npm http fetch GET 200 https://registry.npmjs.org/fast-deep-equal 39ms (cache revalidated)
npm http fetch GET 200 https://registry.npmjs.org/fast-json-stable-stringify 39ms (cache revalidated)
npm http fetch GET 200 https://registry.npmjs.org/set-function-length 41ms (cache revalidated)
npm http fetch GET 200 https://registry.npmjs.org/es-define-property 44ms (cache revalidated)
npm http fetch GET 200 https://registry.npmjs.org/has-proto 44ms (cache revalidated)
npm http fetch GET 200 https://registry.npmjs.org/has-symbols 46ms (cache revalidated)
npm http fetch GET 200 https://registry.npmjs.org/function-bind 51ms (cache revalidated)
npm http fetch GET 200 https://registry.npmjs.org/hasown 50ms (cache revalidated)
npm http fetch GET 200 https://registry.npmjs.org/function-bind 55ms (cache revalidated)
npm http fetch GET 200 https://registry.npmjs.org/has-property-descriptors 75ms (cache revalidated)
npm http fetch GET 200 https://registry.npmjs.org/define-data-property 78ms (cache revalidated)
npm http fetch GET 200 https://registry.npmjs.org/gopd 81ms (cache revalidated)
npm http fetch GET 200 https://registry.npmjs.org/requires-port 41ms (cache revalidated)
npm http fetch GET 200 https://registry.npmjs.org/querystringify 43ms (cache revalidated)
npm http fetch GET 200 https://registry.npmjs.org/unique-string 42ms (cache revalidated)
npm http fetch GET 200 https://registry.npmjs.org/widest-line 49ms (cache revalidated)
npm http fetch GET 200 https://registry.npmjs.org/escape-goat 47ms (cache revalidated)
npm http fetch GET 200 https://registry.npmjs.org/dot-prop 54ms (cache revalidated)
npm http fetch GET 200 https://registry.npmjs.org/package-json 53ms (cache revalidated)
npm http fetch GET 200 https://registry.npmjs.org/ansi-align 57ms (cache revalidated)
npm http fetch GET 200 https://registry.npmjs.org/cli-boxes 66ms (cache revalidated)
npm http fetch GET 200 https://registry.npmjs.org/write-file-atomic 74ms (cache revalidated)
npm http fetch GET 200 https://registry.npmjs.org/eastasianwidth 43ms (cache revalidated)
npm http fetch GET 200 https://registry.npmjs.org/is-obj 44ms (cache revalidated)
npm http fetch GET 200 https://registry.npmjs.org/imurmurhash 43ms (cache revalidated)
npm http fetch GET 200 https://registry.npmjs.org/crypto-random-string 45ms (cache revalidated)
npm http fetch GET 200 https://registry.npmjs.org/typedarray-to-buffer 44ms (cache revalidated)
npm http fetch GET 200 https://registry.npmjs.org/registry-auth-token 39ms (cache revalidated)
npm http fetch GET 200 https://registry.npmjs.org/registry-url 43ms (cache revalidated)
npm http fetch GET 200 https://registry.npmjs.org/got 46ms (cache revalidated)
npm http fetch GET 200 https://registry.npmjs.org/lowercase-keys 52ms (cache revalidated)
npm http fetch GET 200 https://registry.npmjs.org/http2-wrapper 62ms (cache revalidated)
npm http fetch GET 200 https://registry.npmjs.org/cacheable-lookup 94ms (cache revalidated)
npm http fetch GET 200 https://registry.npmjs.org/decompress-response 94ms (cache revalidated)
npm http fetch GET 200 https://registry.npmjs.org/responselike 98ms (cache revalidated)
npm http fetch GET 200 https://registry.npmjs.org/@sindresorhus%2fis 98ms (cache revalidated)
npm http fetch GET 200 https://registry.npmjs.org/p-cancelable 102ms (cache revalidated)
npm http fetch GET 200 https://registry.npmjs.org/form-data-encoder 99ms (cache revalidated)
npm http fetch GET 200 https://registry.npmjs.org/cacheable-request 102ms (cache revalidated)
npm http fetch GET 200 https://registry.npmjs.org/@szmarczak%2fhttp-timer 102ms (cache revalidated)
npm http fetch GET 200 https://registry.npmjs.org/rc 53ms (cache revalidated)
npm http fetch GET 200 https://registry.npmjs.org/@pnpm%2fnpm-conf 114ms (cache revalidated)
npm http fetch GET 200 https://registry.npmjs.org/mimic-response 45ms (cache revalidated)
npm http fetch GET 200 https://registry.npmjs.org/mimic-response 44ms (cache revalidated)
npm http fetch GET 200 https://registry.npmjs.org/keyv 48ms (cache revalidated)
npm http fetch GET 200 https://registry.npmjs.org/normalize-url 50ms (cache revalidated)
npm http fetch GET 200 https://registry.npmjs.org/defer-to-connect 55ms (cache revalidated)
npm http fetch GET 200 https://registry.npmjs.org/http-cache-semantics 58ms (cache revalidated)
npm http fetch GET 200 https://registry.npmjs.org/quick-lru 56ms (cache revalidated)
npm http fetch GET 200 https://registry.npmjs.org/resolve-alpn 62ms (cache revalidated)
npm http fetch GET 200 https://registry.npmjs.org/@types%2fhttp-cache-semantics 77ms (cache revalidated)
npm http fetch GET 200 https://registry.npmjs.org/json-buffer 60ms (cache revalidated)
npm http fetch GET 200 https://registry.npmjs.org/config-chain 46ms (cache revalidated)
npm http fetch GET 200 https://registry.npmjs.org/@pnpm%2fnetwork.ca-file 59ms (cache revalidated)
npm http fetch GET 200 https://registry.npmjs.org/@pnpm%2fconfig.env-replace 60ms (cache revalidated)
npm http fetch GET 200 https://registry.npmjs.org/proto-list 38ms (cache revalidated)
npm http fetch GET 200 https://registry.npmjs.org/deep-extend 44ms (cache revalidated)
npm http fetch GET 200 https://registry.npmjs.org/pend 44ms (cache revalidated)
npm http fetch GET 200 https://registry.npmjs.org/crc32-stream 40ms (cache revalidated)
npm http fetch GET 200 https://registry.npmjs.org/crc-32 43ms (cache revalidated)
npm http fetch GET 200 https://registry.npmjs.org/buffer-fill 61ms (cache revalidated)
npm http fetch GET 200 https://registry.npmjs.org/buffer-alloc-unsafe 73ms (cache revalidated)
npm http fetch GET 200 https://registry.npmjs.org/p-try 50ms (cache revalidated)
npm verbose reify failed optional dependency D:\Testing\Cypress\SauceDemo\tmpBstackPackages\node_modules\fsevents
npm http fetch POST 200 https://registry.npmjs.org/-/npm/v1/security/advisories/bulk 496ms
npm warn deprecated inflight@1.0.6: This module is not supported, and leaks memory. Do not use it. Check out lru-cache if you want a good and tested way to coalesce async requests by a key value, which is much more comprehensive and powerful.
npm warn deprecated rimraf@2.5.4: Rimraf versions prior to v4 are no longer supported
npm warn deprecated har-validator@5.1.5: this library is no longer supported
npm warn deprecated glob@7.2.3: Glob versions prior to v9 are no longer supported
npm warn deprecated glob@8.1.0: Glob versions prior to v9 are no longer supported
npm http fetch GET 200 https://registry.npmjs.org/tough-cookie 342ms (cache revalidated)
npm http fetch GET 200 https://registry.npmjs.org/request 367ms (cache revalidated)
npm warn deprecated uuid@3.4.0: Please upgrade  to version 7 or higher.  Older versions may use Math.random() in certain circumstances, which is known to be problematic.  See https://v8.dev/blog/math-random for details.
npm warn deprecated request@2.88.2: request has been deprecated, see https://github.com/request/request/issues/3142
npm http fetch GET 200 https://registry.npmjs.org/browserstack-cypress-cli 148ms (cache revalidated)
npm info run cypress@13.15.0 postinstall node_modules/cypress node index.js --exec install
npm info run cypress@13.15.0 postinstall { code: 0, signal: null }

added 469 packages, and audited 470 packages in 9s

94 packages are looking for funding
  run `npm fund` for details

3 moderate severity vulnerabilities

To address all issues (including breaking changes), run:
  npm audit fix --force

Run `npm audit` for details.
npm verbose cwd D:\Testing\Cypress\SauceDemo\tmpBstackPackages
npm verbose os Windows_NT 10.0.22631
npm verbose node v20.17.0
npm verbose npm  v10.8.3
npm verbose exit 0
npm info ok
